{"message":"f","level":"info"}
{"message":"f","level":"info"}
{"message":"f","level":"info"}
{"message":"f","level":"info"}
{"message":"f","level":"info"}
{"message":"f","level":"info"}
{"message":"f","level":"info"}
{"message":"f","level":"info"}
{"message":"f","level":"info"}
{"message":"f","level":"info"}
{"message":"f","level":"info"}
{"message":"f","level":"info"}
{"message":"f","level":"info"}
{"message":"f","level":"info"}
{"message":"f","level":"info"}
{"level":"info"}
{"message":"f","level":"info"}
{"message":"f","level":"info"}
{"message":"f","level":"info"}
{"message":"f","level":"info"}
{"message":"f","level":"info"}
{"message":"f","level":"info"}
{"message":"f","level":"info"}
{"message":"f","level":"info"}
{"message":"f","level":"info"}
{"message":"fe","level":"info"}
{"message":"t","level":"info"}
{"message":"fetch","level":"info"}
{"message":"fetch","level":"info"}
{"message":"fetch","level":"info"}
{"message":"fetch","level":"info"}
{"message":"Audrey","level":"info"}
{"message":"Audrey","level":"info"}
{"message":"Audrey","level":"info"}
{"message":"Audrey","level":"info"}
{"message":"Audrey","level":"info"}
{"message":"Audrey","level":"info"}
{"message":"Audrey","level":"info"}
{"message":"Audrey","level":"info"}
{"message":"Audrey","level":"info"}
{"message":"Audrey","level":"info"}
{"message":"Audrey","level":"info"}
{"message":"Audrey","level":"info"}
{"message":"Audrey","level":"info"}
{"message":"Audrey","level":"info"}
{"message":"Audrey","level":"info"}
{"message":"Audrey","level":"info"}
{"message":"Audrey","level":"info"}
{"message":"Audrey","level":"info"}
{"message":"Audrey","level":"info"}
{"message":"Audrey","level":"info"}
{"message":"Audrey","level":"info"}
{"message":"Audrey","level":"info"}
{"message":"Audrey","level":"info"}
{"message":"Audrey","level":"info"}
{"message":[{"id":"SeedId","username":"SeedUser","password":"SeedPassword"},{"id":"SeedId","username":"SeedUser","password":"SeedPassword"},{"id":"SeedId","username":"SeedUser","password":"SeedPassword"},{"id":"70299df7-d25f-4dc4-9ac9-cf6f109ec986","username":"Audrey","password":"Audrey"},{"id":"SeedId","username":"SeedUser","password":"SeedPassword"},{"id":"SeedId","username":"SeedUser","password":"SeedPassword"},{"id":"SeedId","username":"SeedUser","password":"SeedPassword"},{"id":"SeedId","username":"SeedUser","password":"SeedPassword"},{"id":"SeedId","username":"SeedUser","password":"SeedPassword"},{"id":"SeedId","username":"SeedUser","password":"SeedPassword"},{"id":"SeedId","username":"SeedUser","password":"SeedPassword"}],"level":"info"}
{"message":"Audrey","level":"info"}
{"message":"Audrey","level":"info"}
{"message":[{"id":"SeedId","username":"SeedUser","password":"SeedPassword"}],"level":"info"}
{"message":"Audrey","level":"info"}
{"message":"Audrey","level":"info"}
{"message":[{"id":"SeedId","username":"SeedUser","password":"SeedPassword"}],"level":"info"}
{"message":"Audrey","level":"info"}
{"message":"Audrey","level":"info"}
{"message":[{"id":"SeedId","username":"SeedUser","password":"SeedPassword"}],"level":"info"}
{"message":{"id":"7bb15e1f-8cbe-4255-a38b-3addf1e81587","username":"Audrey","password":"Audrey"},"level":"info"}
{"message":"Audrey","level":"info"}
{"message":"Audrey","level":"info"}
{"message":[{"id":"SeedId","username":"SeedUser","password":"SeedPassword"}],"level":"info"}
{"message":{"id":"e8a64499-c3ac-4428-9d0a-7f281b3e06c0","username":"Audrey","password":"Audrey"},"level":"info"}
{"message":"Audrey","level":"info"}
{"message":"Audrey","level":"info"}
{"message":[{"id":"SeedId","username":"SeedUser","password":"SeedPassword"}],"level":"info"}
{"message":{"id":"299a8bfc-451e-456a-b88a-394fd6748585","username":"Audrey","password":"Audrey"},"level":"info"}
{"message":"Audrey","level":"info"}
{"message":"Audrey","level":"info"}
{"message":[{"id":"SeedId","username":"SeedUser","password":"SeedPassword"}],"level":"info"}
{"message":{"id":"2201d3a6-c584-4a75-bb64-01afb971af9a","username":"Audrey","password":"Audrey"},"level":"info"}
{"message":"Audrey","level":"info"}
{"message":"Audrey","level":"info"}
{"message":[{"id":"SeedId","username":"SeedUser","password":"SeedPassword"}],"level":"info"}
{"message":{"id":"65680009-221a-4fd8-b438-92e45cea4bba","username":"Audrey","password":"Audrey"},"level":"info"}
{"message":"Audrey","level":"info"}
{"message":"Audrey","level":"info"}
{"message":[{"id":"SeedId","username":"SeedUser","password":"SeedPassword"}],"level":"info"}
{"message":{"id":"105d6427-5725-4dd3-a90a-5bcbbb7eb7ac","username":"Audrey","password":"Audrey"},"level":"info"}
{"message":"Audrey","level":"info"}
{"message":"Audrey","level":"info"}
{"message":[{"id":"SeedId","username":"SeedUser","password":"SeedPassword"}],"level":"info"}
{"message":{"id":"bd28c746-8d2f-4edb-9b62-888e36b98008","username":"Audrey","password":"Audrey"},"level":"info"}
{"message":"Audrey","level":"info"}
{"message":"Audrey","level":"info"}
{"message":[{"id":"SeedId","username":"SeedUser","password":"SeedPassword"}],"level":"info"}
{"message":{"id":"1dab4260-8e9d-4324-a6a3-91656649343e","username":"Audrey","password":"Audrey"},"level":"info"}
{"message":[{"id":"1dab4260-8e9d-4324-a6a3-91656649343e","username":"Audrey","password":"Audrey"}],"level":"info"}
{"message":"Audrey","level":"info"}
{"message":"Audrey","level":"info"}
{"message":[{"id":"SeedId","username":"SeedUser","password":"SeedPassword"}],"level":"info"}
{"message":{"id":"15c1866e-b30a-4df3-9b3d-bc6c0a67e911","username":"Audrey","password":"Audrey"},"level":"info"}
{"message":"Audrey","level":"info"}
{"message":"Audrey","level":"info"}
{"message":[{"id":"SeedId","username":"SeedUser","password":"SeedPassword"}],"level":"info"}
{"message":{"id":"09870cc8-ba5d-4aef-85f3-b44c4f2aa68a","username":"Audrey","password":"Audrey"},"level":"info"}
{"message":[{"id":"09870cc8-ba5d-4aef-85f3-b44c4f2aa68a","username":"Audrey","password":"Audrey"}],"level":"info"}
{"message":"Audrey","level":"info"}
{"message":"Audrey","level":"info"}
{"message":[{"id":"SeedId","username":"SeedUser","password":"SeedPassword"}],"level":"info"}
{"message":{"id":"a64fc7f6-ceab-4ade-a2dc-a130ef2af4fa","username":"Audrey","password":"Audrey"},"level":"info"}
{"message":[{"id":"a64fc7f6-ceab-4ade-a2dc-a130ef2af4fa","username":"Audrey","password":"Audrey"}],"level":"info"}
{"message":"Audrey","level":"info"}
{"message":"Audrey","level":"info"}
{"message":[{"id":"SeedId","username":"SeedUser","password":"SeedPassword"}],"level":"info"}
{"message":{"id":"43b674e9-33af-46db-9070-1acb7e76526a","username":"Audrey","password":"Audrey"},"level":"info"}
{"message":[{"id":"43b674e9-33af-46db-9070-1acb7e76526a","username":"Audrey","password":"Audrey"}],"level":"info"}
{"message":"Audrey","level":"info"}
{"message":"Audrey","level":"info"}
{"message":[{"id":"SeedId","username":"SeedUser","password":"SeedPassword"}],"level":"info"}
{"message":{"id":"ce57d022-d429-46aa-bf5c-925f6a6ae6e8","username":"Audrey","password":"Audrey"},"level":"info"}
{"message":"Audrey","level":"info"}
{"message":"Audrey","level":"info"}
{"message":[{"id":"SeedId","username":"SeedUser","password":"SeedPassword"}],"level":"info"}
{"message":{"id":"c3048559-62c0-4683-a75b-f681eadb0b95","username":"Audrey","password":"Audrey"},"level":"info"}
{"message":"Audrey","level":"info"}
{"message":"Audrey","level":"info"}
{"message":[{"id":"SeedId","username":"SeedUser","password":"SeedPassword"}],"level":"info"}
{"message":{"id":"1f71b614-cec5-480f-b204-be81b852e24f","username":"Audrey","password":"Audrey"},"level":"info"}
{"message":"Audrey","level":"info"}
{"message":"Audrey","level":"info"}
{"message":"Audrey","level":"info"}
{"message":"Audrey","level":"info"}
{"message":"Audrey","level":"info"}
{"message":"Audrey","level":"info"}
